<?xml version="1.0" encoding="UTF-8"?>
<!-- Generated by org.testng.reporters.JUnitReportReporter -->
<testsuite hostname="aravindhan" failures="0" tests="2" name="TestCase.TC001_adc" time="39.665" errors="0" timestamp="2024-11-01T11:57:14 IST" skipped="0">
  <testcase classname="TestCase.TC001_adc" name="ad_card" time="26.844"/>
  <testcase classname="TestCase.TC001_adc" name="ad_card" time="12.821"/>
</testsuite> <!-- TestCase.TC001_adc -->
